This is pdfTeX, Version 3.14159265-2.6-1.40.21 (MiKTeX 20.6.29) (preloaded format=pdflatex 2021.1.6)  22 APR 2021 02:10
entering extended mode
**./index.tex
(index.tex
LaTeX2e <2020-02-02> patch level 5
L3 programming layer <2020-06-18>
(D:\MikText\tex/latex/elsarticle\elsarticle.cls
Document Class: elsarticle 2020/11/20, 3.3: Elsevier Ltd
(D:\MikText\tex/latex/l3kernel\expl3.sty
Package: expl3 2020-06-18 L3 programming layer (loader) 

(D:\MikText\tex/latex/l3backend\l3backend-pdfmode.def
File: l3backend-pdfmode.def 2020-06-29 L3 backend support: PDF mode
\l__kernel_color_stack_int=\count167
\l__pdf_internal_box=\box45
))
(D:\MikText\tex/latex/l3packages/xparse\xparse.sty
Package: xparse 2020-05-15 L3 Experimental document command parser

(D:\MikText\tex/latex/l3packages/xparse\xparse-generic.tex
\l__xparse_current_arg_int=\count168
\g__xparse_grabber_int=\count169
\l__xparse_m_args_int=\count170
\l__xparse_v_nesting_int=\count171
))
(D:\MikText\tex/latex/etoolbox\etoolbox.sty
Package: etoolbox 2019/09/21 v2.5h e-TeX tools for LaTeX (JAW)
\etb@tempcnta=\count172
)
\@bls=\dimen134

(D:\MikText\tex/latex/base\article.cls
Document Class: article 2019/12/20 v1.4l Standard LaTeX document class
(D:\MikText\tex/latex/base\size12.clo
File: size12.clo 2019/12/20 v1.4l Standard LaTeX file (size option)
)
\c@part=\count173
\c@section=\count174
\c@subsection=\count175
\c@subsubsection=\count176
\c@paragraph=\count177
\c@subparagraph=\count178
\c@figure=\count179
\c@table=\count180
\abovecaptionskip=\skip47
\belowcaptionskip=\skip48
\bibindent=\dimen135
)
(D:\MikText\tex/latex/graphics\graphicx.sty
Package: graphicx 2019/11/30 v1.2a Enhanced LaTeX Graphics (DPC,SPQR)

(D:\MikText\tex/latex/graphics\keyval.sty
Package: keyval 2014/10/28 v1.15 key=value parser (DPC)
\KV@toks@=\toks15
)
(D:\MikText\tex/latex/graphics\graphics.sty
Package: graphics 2019/11/30 v1.4a Standard LaTeX Graphics (DPC,SPQR)

(D:\MikText\tex/latex/graphics\trig.sty
Package: trig 2016/01/03 v1.10 sin cos tan (DPC)
)
(D:\MikText\tex/latex/graphics-cfg\graphics.cfg
File: graphics.cfg 2016/06/04 v1.11 sample graphics configuration
)
Package graphics Info: Driver file: pdftex.def on input line 105.

(D:\MikText\tex/latex/graphics-def\pdftex.def
File: pdftex.def 2018/01/08 v1.0l Graphics/color driver for pdftex
))
\Gin@req@height=\dimen136
\Gin@req@width=\dimen137
)
\c@tnote=\count181
\c@fnote=\count182
\c@cnote=\count183
\c@ead=\count184
\c@author=\count185
\@eadauthor=\toks16
\c@affn=\count186
\absbox=\box46
\elsarticlehighlightsbox=\box47
\elsarticlegrabsbox=\box48
\keybox=\box49
\Columnwidth=\dimen138
\space@left=\dimen139
\els@boxa=\box50
\els@boxb=\box51
\leftMargin=\dimen140
\@enLab=\toks17
\@sep=\skip49
\@@sep=\skip50
 (index.spl)
(D:\MikText\tex/latex/natbib\natbib.sty
Package: natbib 2010/09/13 8.31b (PWD, AO)
\bibhang=\skip51
\bibsep=\skip52
LaTeX Info: Redefining \cite on input line 694.
\c@NAT@ctr=\count187
)
\splwrite=\write3
\openout3 = `index.spl'.

\appnamewidth=\dimen141
)
(D:\MikText\tex/generic/babel\babel.sty
Package: babel 2020/06/10 3.45 The Babel package
 (D:\MikText\tex/generic/babel\babel.def
File: babel.def 2020/06/10 3.45 Babel common definitions
\babel@savecnt=\count188
\U@D=\dimen142
\l@babelnohyphens=\language79
(D:\MikText\tex/generic/babel\txtbabel.def)
\bbl@readstream=\read2
)
\bbl@dirlevel=\count189

*************************************
* Local config file bblopts.cfg used
*
(D:\MikText\tex/latex/arabi\bblopts.cfg
File: bblopts.cfg 2005/09/08 v0.1 add Arabic and Farsi to "declared" options of
 babel
)
(D:\MikText\tex/latex/babel-spanish\spanish.ldf
Language: spanish.ldf 2016/03/03 v5.0p Spanish support from the babel system
\es@quottoks=\toks18
\es@quotdepth=\count190
Package babel Info: Making " an active character on input line 561.
Package babel Info: Making . an active character on input line 662.
Package babel Info: Making < an active character on input line 707.
Package babel Info: Making > an active character on input line 707.
))
(D:\MikText\tex/latex/amsfonts\amssymb.sty
Package: amssymb 2013/01/14 v3.01 AMS font symbols

(D:\MikText\tex/latex/amsfonts\amsfonts.sty
Package: amsfonts 2013/01/14 v3.01 Basic AMSFonts support
\@emptytoks=\toks19
\symAMSa=\mathgroup4
\symAMSb=\mathgroup5
LaTeX Font Info:    Redeclaring math symbol \hbar on input line 98.
LaTeX Font Info:    Overwriting math alphabet `\mathfrak' in version `bold'
(Font)                  U/euf/m/n --> U/euf/b/n on input line 106.
))
(D:\MikText\tex/latex/lineno\lineno.sty
Package: lineno 2005/11/02 line numbers on paragraphs v4.41
\linenopenalty=\count191
\output=\toks20
\linenoprevgraf=\count192
\linenumbersep=\dimen143
\linenumberwidth=\dimen144
\c@linenumber=\count193
\c@pagewiselinenumber=\count194
\c@LN@truepage=\count195
\c@internallinenumber=\count196
\c@internallinenumbers=\count197
\quotelinenumbersep=\dimen145
\bframerule=\dimen146
\bframesep=\dimen147
\bframebox=\box52
LaTeX Info: Redefining \\ on input line 3056.
)
(D:\MikText\tex/latex/base\inputenc.sty
Package: inputenc 2018/08/11 v1.3c Input encoding file
\inpenc@prehook=\toks21
\inpenc@posthook=\toks22
) (D:\MikText\tex/latex/url\url.sty
\Urlmuskip=\muskip16
Package: url 2013/09/16  ver 3.4  Verb mode for urls, etc.
)
(index.aux
LaTeX Info: Redefining \. on input line 8.
LaTeX Info: Redefining \% on input line 8.
)
\openout1 = `index.aux'.

LaTeX Font Info:    Checking defaults for OML/cmm/m/it on input line 12.
LaTeX Font Info:    ... okay on input line 12.
LaTeX Font Info:    Checking defaults for OMS/cmsy/m/n on input line 12.
LaTeX Font Info:    ... okay on input line 12.
LaTeX Font Info:    Checking defaults for OT1/cmr/m/n on input line 12.
LaTeX Font Info:    ... okay on input line 12.
LaTeX Font Info:    Checking defaults for T1/cmr/m/n on input line 12.
LaTeX Font Info:    ... okay on input line 12.
LaTeX Font Info:    Checking defaults for TS1/cmr/m/n on input line 12.
LaTeX Font Info:    ... okay on input line 12.
LaTeX Font Info:    Checking defaults for OMX/cmex/m/n on input line 12.
LaTeX Font Info:    ... okay on input line 12.
LaTeX Font Info:    Checking defaults for U/cmr/m/n on input line 12.
LaTeX Font Info:    ... okay on input line 12.
 (D:\MikText\tex/context/base/mkii\supp-pdf.mkii
[Loading MPS to PDF converter (version 2006.09.02).]
\scratchcounter=\count198
\scratchdimen=\dimen148
\scratchbox=\box53
\nofMPsegments=\count199
\nofMParguments=\count266
\everyMPshowfont=\toks23
\MPscratchCnt=\count267
\MPscratchDim=\dimen149
\MPnumerator=\count268
\makeMPintoPDFobject=\count269
\everyMPtoPDFconversion=\toks24
) (D:\MikText\tex/latex/epstopdf-pkg\epstopdf-base.sty
Package: epstopdf-base 2020-01-24 v2.11 Base part for package epstopdf
Package epstopdf-base Info: Redefining graphics rule for `.eps' on input line 4
85.
)
LaTeX Info: Redefining \. on input line 12.
LaTeX Info: Redefining \% on input line 12.
LaTeX Font Info:    Trying to load font information for U+msa on input line 25.


(D:\MikText\tex/latex/amsfonts\umsa.fd
File: umsa.fd 2013/01/14 v3.01 AMS symbols A
)
LaTeX Font Info:    Trying to load font information for U+msb on input line 25.

 (D:\MikText\tex/latex/amsfonts\umsb.fd
File: umsb.fd 2013/01/14 v3.01 AMS symbols B
)

! LaTeX Error: There's no line here to end.

See the LaTeX manual or LaTeX Companion for explanation.
Type  H <return>  for immediate help.
 ...                                              
                                                  
l.38 			\\ \item
                 Paso 1: Para esta guía utilizaremos el cubo creado en la g...

Your command was ignored.
Type  I <command> <return>  to replace it with another command,
or  <return>  to continue without it.


! LaTeX Error: There's no line here to end.

See the LaTeX manual or LaTeX Companion for explanation.
Type  H <return>  for immediate help.
 ...                                              
                                                  
l.42 			\\ \itemPaso
                     2: Dentro de los resources seleccionaremos SQL Server d...

Your command was ignored.
Type  I <command> <return>  to replace it with another command,
or  <return>  to continue without it.

! Undefined control sequence.
<recently read> \itemPaso 
                          
l.42 			\\ \itemPaso
                     2: Dentro de los resources seleccionaremos SQL Server d...
The control sequence at the end of the top line
of your error message was never \def'ed. If you have
misspelled it (e.g., `\hobx'), type `I' and the correct
spelling (e.g., `I\hbox'). Otherwise just continue,
and I'll forget about whatever was undefined.


! LaTeX Error: There's no line here to end.

See the LaTeX manual or LaTeX Companion for explanation.
Type  H <return>  for immediate help.
 ...                                              
                                                  
l.44 				\\ \includegraphics
                            [width=7cm]{./IMAGENES/2} \\
Your command was ignored.
Type  I <command> <return>  to replace it with another command,
or  <return>  to continue without it.

<./IMAGENES/2.jpg, id=1, 345.54094pt x 233.37187pt>
File: ./IMAGENES/2.jpg Graphic file (type jpg)
<use ./IMAGENES/2.jpg>
Package pdftex.def Info: ./IMAGENES/2.jpg  used on input line 44.
(pdftex.def)             Requested size: 199.16928pt x 134.51538pt.

Underfull \hbox (badness 10000) in paragraph at lines 44--45

 []


! LaTeX Error: There's no line here to end.

See the LaTeX manual or LaTeX Companion for explanation.
Type  H <return>  for immediate help.
 ...                                              
                                                  
l.47 			\\ \item
                 Paso 3: Utilice el nombre de host o localhost para conectarse
Your command was ignored.
Type  I <command> <return>  to replace it with another command,
or  <return>  to continue without it.


! LaTeX Error: There's no line here to end.

See the LaTeX manual or LaTeX Companion for explanation.
Type  H <return>  for immediate help.
 ...                                              
                                                  
l.50 				\\ \includegraphics
                            [width=7cm]{./IMAGENES/3} \\
Your command was ignored.
Type  I <command> <return>  to replace it with another command,
or  <return>  to continue without it.

<./IMAGENES/3.jpg, id=2, 340.27126pt x 179.92218pt>
File: ./IMAGENES/3.jpg Graphic file (type jpg)
<use ./IMAGENES/3.jpg>
Package pdftex.def Info: ./IMAGENES/3.jpg  used on input line 50.
(pdftex.def)             Requested size: 199.16928pt x 105.31306pt.

Underfull \hbox (badness 10000) in paragraph at lines 50--51

 []


Overfull \hbox (2.61108pt too wide) has occurred while \output is active
[] 
 []

[1


{C:/Users/Risther/AppData/Local/MiKTeX/pdftex/config/pdftex.map} <./IMAGENES/2.
jpg>]

! LaTeX Error: There's no line here to end.

See the LaTeX manual or LaTeX Companion for explanation.
Type  H <return>  for immediate help.
 ...                                              
                                                  
l.53 			\\ \item
                 Paso 4: Una vez conectado tendremos en nuestro lado dos too...

Your command was ignored.
Type  I <command> <return>  to replace it with another command,
or  <return>  to continue without it.


! LaTeX Error: There's no line here to end.

See the LaTeX manual or LaTeX Companion for explanation.
Type  H <return>  for immediate help.
 ...                                              
                                                  
l.56 				\\ \includegraphics
                            [width=7cm]{./IMAGENES/4} \\
Your command was ignored.
Type  I <command> <return>  to replace it with another command,
or  <return>  to continue without it.

<./IMAGENES/4.jpg, id=12, 254.45062pt x 195.73125pt>
File: ./IMAGENES/4.jpg Graphic file (type jpg)
<use ./IMAGENES/4.jpg>
Package pdftex.def Info: ./IMAGENES/4.jpg  used on input line 56.
(pdftex.def)             Requested size: 199.16928pt x 153.2133pt.

Underfull \hbox (badness 10000) in paragraph at lines 56--57

 []


! LaTeX Error: There's no line here to end.

See the LaTeX manual or LaTeX Companion for explanation.
Type  H <return>  for immediate help.
 ...                                              
                                                  
l.61 			\\ \item
                  Paso 5: Vamos a crear nuestro primer reporte. Seleccionare...

Your command was ignored.
Type  I <command> <return>  to replace it with another command,
or  <return>  to continue without it.


! LaTeX Error: There's no line here to end.

See the LaTeX manual or LaTeX Companion for explanation.
Type  H <return>  for immediate help.
 ...                                              
                                                  
l.63 				\\ \includegraphics
                            [width=7cm]{./IMAGENES/6} \\
Your command was ignored.
Type  I <command> <return>  to replace it with another command,
or  <return>  to continue without it.

<./IMAGENES/6.jpg, id=13, 365.11406pt x 292.09125pt>
File: ./IMAGENES/6.jpg Graphic file (type jpg)
<use ./IMAGENES/6.jpg>
Package pdftex.def Info: ./IMAGENES/6.jpg  used on input line 63.
(pdftex.def)             Requested size: 199.16928pt x 159.33586pt.

Underfull \hbox (badness 10000) in paragraph at lines 63--64

 []

[2 <./IMAGENES/3.jpg> <./IMAGENES/4.jpg>]

! LaTeX Error: There's no line here to end.

See the LaTeX manual or LaTeX Companion for explanation.
Type  H <return>  for immediate help.
 ...                                              
                                                  
l.74 			\\ \item
                 Paso 7: Elimine la grâfica anterior y procederâ a selecci...

Your command was ignored.
Type  I <command> <return>  to replace it with another command,
or  <return>  to continue without it.


! LaTeX Error: There's no line here to end.

See the LaTeX manual or LaTeX Companion for explanation.
Type  H <return>  for immediate help.
 ...                                              
                                                  
l.76 				\\ \includegraphics
                            [width=7cm]{./IMAGENES/7} \\
Your command was ignored.
Type  I <command> <return>  to replace it with another command,
or  <return>  to continue without it.

<./IMAGENES/7.jpg, id=17, 372.64218pt x 305.64188pt>
File: ./IMAGENES/7.jpg Graphic file (type jpg)
<use ./IMAGENES/7.jpg>
Package pdftex.def Info: ./IMAGENES/7.jpg  used on input line 76.
(pdftex.def)             Requested size: 199.16928pt x 163.35588pt.

Underfull \hbox (badness 10000) in paragraph at lines 76--77

 []


! LaTeX Error: There's no line here to end.

See the LaTeX manual or LaTeX Companion for explanation.
Type  H <return>  for immediate help.
 ...                                              
                                                  
l.83 			\\ \item
                 Paso 8: Cree un nuevo reporte.
Your command was ignored.
Type  I <command> <return>  to replace it with another command,
or  <return>  to continue without it.


Overfull \hbox (1.26678pt too wide) in paragraph at lines 83--85
[]\OT1/cmr/m/n/12 Paso 8: Cree un nue-vo re-por-te. Po-de-mos crear un dash-boa
rd con gr^aficos
 []


! LaTeX Error: There's no line here to end.

See the LaTeX manual or LaTeX Companion for explanation.
Type  H <return>  for immediate help.
 ...                                              
                                                  
l.86 				\\ \includegraphics
                            [width=7cm]{./IMAGENES/8} \\
Your command was ignored.
Type  I <command> <return>  to replace it with another command,
or  <return>  to continue without it.

<./IMAGENES/8.jpg, id=18, 657.2053pt x 315.42844pt>
File: ./IMAGENES/8.jpg Graphic file (type jpg)
<use ./IMAGENES/8.jpg>
Package pdftex.def Info: ./IMAGENES/8.jpg  used on input line 86.
(pdftex.def)             Requested size: 199.16928pt x 95.59186pt.

Underfull \hbox (badness 10000) in paragraph at lines 86--87

 []

[3 <./IMAGENES/6.jpg> <./IMAGENES/7.jpg>]

! LaTeX Error: There's no line here to end.

See the LaTeX manual or LaTeX Companion for explanation.
Type  H <return>  for immediate help.
 ...                                              
                                                  
l.95 		\\ \item
               	Paso 10: Seleccione una de los valores de la grâfica de la ...

Your command was ignored.
Type  I <command> <return>  to replace it with another command,
or  <return>  to continue without it.


! LaTeX Error: There's no line here to end.

See the LaTeX manual or LaTeX Companion for explanation.
Type  H <return>  for immediate help.
 ...                                              
                                                  
l.97 				\\ \includegraphics
                            [width=7cm]{./IMAGENES/9} \\
Your command was ignored.
Type  I <command> <return>  to replace it with another command,
or  <return>  to continue without it.


! LaTeX Error: File `./IMAGENES/9' not found.

See the LaTeX manual or LaTeX Companion for explanation.
Type  H <return>  for immediate help.
 ...                                              
                                                  
l.97 ... \includegraphics[width=7cm]{./IMAGENES/9}
                                                   \\
I could not locate the file with any of these extensions:
.pdf,.png,.jpg,.mps,.jpeg,.jbig2,.jb2,.PDF,.PNG,.JPG,.JPEG,.JBIG2,.JB2,.eps
Try typing  <return>  to proceed.
If that doesn't work, type  X <return>  to quit.


Underfull \hbox (badness 10000) in paragraph at lines 97--98

 []


! LaTeX Error: There's no line here to end.

See the LaTeX manual or LaTeX Companion for explanation.
Type  H <return>  for immediate help.
 ...                                              
                                                  
l.101 			\\ \item
                  Paso 11: Ahora crearemos un mapa que muestre la proporcié...

Your command was ignored.
Type  I <command> <return>  to replace it with another command,
or  <return>  to continue without it.


! LaTeX Error: There's no line here to end.

See the LaTeX manual or LaTeX Companion for explanation.
Type  H <return>  for immediate help.
 ...                                              
                                                  
l.104 				\\ \includegraphics
                             [width=7cm]{./IMAGENES/11} \\
Your command was ignored.
Type  I <command> <return>  to replace it with another command,
or  <return>  to continue without it.

<./IMAGENES/11.jpg, id=22, 587.19376pt x 356.0803pt>
File: ./IMAGENES/11.jpg Graphic file (type jpg)
<use ./IMAGENES/11.jpg>
Package pdftex.def Info: ./IMAGENES/11.jpg  used on input line 104.
(pdftex.def)             Requested size: 199.16928pt x 120.77773pt.

Underfull \hbox (badness 10000) in paragraph at lines 104--105

 []


! LaTeX Error: There's no line here to end.

See the LaTeX manual or LaTeX Companion for explanation.
Type  H <return>  for immediate help.
 ...                                              
                                                  
l.107 		\\ \item
                	Paso 12: Ahora generaremos una grâfica de area.
Your command was ignored.
Type  I <command> <return>  to replace it with another command,
or  <return>  to continue without it.


! LaTeX Error: There's no line here to end.

See the LaTeX manual or LaTeX Companion for explanation.
Type  H <return>  for immediate help.
 ...                                              
                                                  
l.111 				\\ \includegraphics
                             [width=7cm]{./IMAGENES/12} \\
Your command was ignored.
Type  I <command> <return>  to replace it with another command,
or  <return>  to continue without it.

<./IMAGENES/12.jpg, id=23, 339.51843pt x 226.59656pt>
File: ./IMAGENES/12.jpg Graphic file (type jpg)
<use ./IMAGENES/12.jpg>
Package pdftex.def Info: ./IMAGENES/12.jpg  used on input line 111.
(pdftex.def)             Requested size: 199.16928pt x 132.92667pt.

Underfull \hbox (badness 10000) in paragraph at lines 111--112

 []


Underfull \hbox (badness 10000) in paragraph at lines 111--112

 []

[4 <./IMAGENES/8.jpg> <./IMAGENES/11.jpg>]

! LaTeX Error: There's no line here to end.

See the LaTeX manual or LaTeX Companion for explanation.
Type  H <return>  for immediate help.
 ...                                              
                                                  
l.116 				\\ \includegraphics
                             [width=7cm]{./IMAGENES/13} \\
Your command was ignored.
Type  I <command> <return>  to replace it with another command,
or  <return>  to continue without it.

<./IMAGENES/13.jpg, id=27, 299.61937pt x 213.79875pt>
File: ./IMAGENES/13.jpg Graphic file (type jpg)
<use ./IMAGENES/13.jpg>
Package pdftex.def Info: ./IMAGENES/13.jpg  used on input line 116.
(pdftex.def)             Requested size: 199.16928pt x 142.12218pt.

Underfull \hbox (badness 10000) in paragraph at lines 116--117

 []


! LaTeX Error: There's no line here to end.

See the LaTeX manual or LaTeX Companion for explanation.
Type  H <return>  for immediate help.
 ...                                              
                                                  
l.119 			\\ \itemPaso
                      14: Puede definir los nombres de las hojas para indica...

Your command was ignored.
Type  I <command> <return>  to replace it with another command,
or  <return>  to continue without it.

! Undefined control sequence.
<recently read> \itemPaso 
                          
l.119 			\\ \itemPaso
                      14: Puede definir los nombres de las hojas para indica...
The control sequence at the end of the top line
of your error message was never \def'ed. If you have
misspelled it (e.g., `\hobx'), type `I' and the correct
spelling (e.g., `I\hbox'). Otherwise just continue,
and I'll forget about whatever was undefined.


! LaTeX Error: There's no line here to end.

See the LaTeX manual or LaTeX Companion for explanation.
Type  H <return>  for immediate help.
 ...                                              
                                                  
l.122 				\\ \includegraphics
                             [width=7cm]{./IMAGENES/14} \\
Your command was ignored.
Type  I <command> <return>  to replace it with another command,
or  <return>  to continue without it.

<./IMAGENES/14.jpg, id=28, 358.33875pt x 265.74281pt>
File: ./IMAGENES/14.jpg Graphic file (type jpg)
<use ./IMAGENES/14.jpg>
Package pdftex.def Info: ./IMAGENES/14.jpg  used on input line 122.
(pdftex.def)             Requested size: 199.16928pt x 147.7039pt.

Underfull \hbox (badness 10000) in paragraph at lines 122--123

 []

[5 <./IMAGENES/12.jpg> <./IMAGENES/13.jpg>]

! LaTeX Error: There's no line here to end.

See the LaTeX manual or LaTeX Companion for explanation.
Type  H <return>  for immediate help.
 ...                                              
                                                  
l.124 			\\ \itemPaso
                      15: Crearemos un reporte (grâfico de barras) con filt...

Your command was ignored.
Type  I <command> <return>  to replace it with another command,
or  <return>  to continue without it.

! Undefined control sequence.
<recently read> \itemPaso 
                          
l.124 			\\ \itemPaso
                      15: Crearemos un reporte (grâfico de barras) con filt...
The control sequence at the end of the top line
of your error message was never \def'ed. If you have
misspelled it (e.g., `\hobx'), type `I' and the correct
spelling (e.g., `I\hbox'). Otherwise just continue,
and I'll forget about whatever was undefined.


! LaTeX Error: There's no line here to end.

See the LaTeX manual or LaTeX Companion for explanation.
Type  H <return>  for immediate help.
 ...                                              
                                                  
l.128 				\\ \includegraphics
                             [width=7cm]{./IMAGENES/15} \\
Your command was ignored.
Type  I <command> <return>  to replace it with another command,
or  <return>  to continue without it.

<./IMAGENES/15.jpg, id=32, 200.24812pt x 115.18031pt>
File: ./IMAGENES/15.jpg Graphic file (type jpg)
<use ./IMAGENES/15.jpg>
Package pdftex.def Info: ./IMAGENES/15.jpg  used on input line 128.
(pdftex.def)             Requested size: 199.16928pt x 114.56664pt.

Underfull \hbox (badness 10000) in paragraph at lines 128--129

 []


! LaTeX Error: There's no line here to end.

See the LaTeX manual or LaTeX Companion for explanation.
Type  H <return>  for immediate help.
 ...                                              
                                                  
l.130 			\\ \itemPaso
                      16: La siguiente grâfica es una Stacked Column Chart....

Your command was ignored.
Type  I <command> <return>  to replace it with another command,
or  <return>  to continue without it.

! Undefined control sequence.
<recently read> \itemPaso 
                          
l.130 			\\ \itemPaso
                      16: La siguiente grâfica es una Stacked Column Chart....
The control sequence at the end of the top line
of your error message was never \def'ed. If you have
misspelled it (e.g., `\hobx'), type `I' and the correct
spelling (e.g., `I\hbox'). Otherwise just continue,
and I'll forget about whatever was undefined.


! LaTeX Error: There's no line here to end.

See the LaTeX manual or LaTeX Companion for explanation.
Type  H <return>  for immediate help.
 ...                                              
                                                  
l.132 				\\ \includegraphics
                             [width=7cm]{./IMAGENES/16} \\
Your command was ignored.
Type  I <command> <return>  to replace it with another command,
or  <return>  to continue without it.

<./IMAGENES/16.jpg, id=33, 370.38374pt x 337.26pt>
File: ./IMAGENES/16.jpg Graphic file (type jpg)
<use ./IMAGENES/16.jpg>
Package pdftex.def Info: ./IMAGENES/16.jpg  used on input line 132.
(pdftex.def)             Requested size: 199.16928pt x 181.36119pt.

Underfull \hbox (badness 10000) in paragraph at lines 132--133

 []

[6 <./IMAGENES/14.jpg> <./IMAGENES/15.jpg>]
! Missing $ inserted.
<inserted text> 
                $
l.136 			
         
I've inserted a begin-math/end-math symbol since I think
you left one out. Proceed, with fingers crossed.

! Missing } inserted.
<inserted text> 
                }
l.136 			
         
I've inserted something that you may have forgotten.
(See the <inserted text> above.)
With luck, this will get me unwedged. But if you
really didn't forget anything, try typing `2' now; then
my insertion and my current dilemma will both disappear.

! Extra }, or forgotten \endgroup.
\par ...m \@noitemerr {\@@par }\fi \else {\@@par }
                                                  \fi 
l.136 			
         
I've deleted a group-closing symbol because it seems to be
spurious, as in `$x}$'. But perhaps the } is legitimate and
you forgot something else, as in `\hbox{$x}'. In such cases
the way to recover is to insert both the forgotten and the
deleted material, e.g., by typing `I$}'.


! LaTeX Error: There's no line here to end.

See the LaTeX manual or LaTeX Companion for explanation.
Type  H <return>  for immediate help.
 ...                                              
                                                  
l.140 			\\ \itemPaso
                      17: Incluya un Table con los siguientes campos: Sales ...

Your command was ignored.
Type  I <command> <return>  to replace it with another command,
or  <return>  to continue without it.

! Undefined control sequence.
<recently read> \itemPaso 
                          
l.140 			\\ \itemPaso
                      17: Incluya un Table con los siguientes campos: Sales ...
The control sequence at the end of the top line
of your error message was never \def'ed. If you have
misspelled it (e.g., `\hobx'), type `I' and the correct
spelling (e.g., `I\hbox'). Otherwise just continue,
and I'll forget about whatever was undefined.

<./IMAGENES/17.jpg, id=37, 321.45094pt x 170.88844pt>
File: ./IMAGENES/17.jpg Graphic file (type jpg)
<use ./IMAGENES/17.jpg>
Package pdftex.def Info: ./IMAGENES/17.jpg  used on input line 141.
(pdftex.def)             Requested size: 199.16928pt x 105.88454pt.

Underfull \hbox (badness 10000) in paragraph at lines 140--142

 []


! LaTeX Error: There's no line here to end.

See the LaTeX manual or LaTeX Companion for explanation.
Type  H <return>  for immediate help.
 ...                                              
                                                  
l.149 			\\ \item
                  Paso 18: Cambie la orientacién del reporte:
Your command was ignored.
Type  I <command> <return>  to replace it with another command,
or  <return>  to continue without it.

! Missing $ inserted.
<inserted text> 
                $
l.152 			
         
I've inserted a begin-math/end-math symbol since I think
you left one out. Proceed, with fingers crossed.

! Missing } inserted.
<inserted text> 
                }
l.152 			
         
I've inserted something that you may have forgotten.
(See the <inserted text> above.)
With luck, this will get me unwedged. But if you
really didn't forget anything, try typing `2' now; then
my insertion and my current dilemma will both disappear.

! Extra }, or forgotten \endgroup.
\par ...m \@noitemerr {\@@par }\fi \else {\@@par }
                                                  \fi 
l.152 			
         
I've deleted a group-closing symbol because it seems to be
spurious, as in `$x}$'. But perhaps the } is legitimate and
you forgot something else, as in `\hbox{$x}'. In such cases
the way to recover is to insert both the forgotten and the
deleted material, e.g., by typing `I$}'.


! LaTeX Error: There's no line here to end.

See the LaTeX manual or LaTeX Companion for explanation.
Type  H <return>  for immediate help.
 ...                                              
                                                  
l.153 				\\ \includegraphics
                             [width=7cm]{./IMAGENES/18} \\
Your command was ignored.
Type  I <command> <return>  to replace it with another command,
or  <return>  to continue without it.

<./IMAGENES/18.jpg, id=38, 362.10281pt x 265.74281pt>
File: ./IMAGENES/18.jpg Graphic file (type jpg)
<use ./IMAGENES/18.jpg>
Package pdftex.def Info: ./IMAGENES/18.jpg  used on input line 153.
(pdftex.def)             Requested size: 199.16928pt x 146.17116pt.

Underfull \hbox (badness 10000) in paragraph at lines 153--154

 []

[7 <./IMAGENES/16.jpg> <./IMAGENES/17.jpg>]

! LaTeX Error: There's no line here to end.

See the LaTeX manual or LaTeX Companion for explanation.
Type  H <return>  for immediate help.
 ...                                              
                                                  
l.155 			\\ \item
                  Paso 19: Exporte su reporte para visualizacién
Your command was ignored.
Type  I <command> <return>  to replace it with another command,
or  <return>  to continue without it.


! LaTeX Error: There's no line here to end.

See the LaTeX manual or LaTeX Companion for explanation.
Type  H <return>  for immediate help.
 ...                                              
                                                  
l.157 				\\ \includegraphics
                             [width=7cm]{./IMAGENES/19} \\
Your command was ignored.
Type  I <command> <return>  to replace it with another command,
or  <return>  to continue without it.


! LaTeX Error: File `./IMAGENES/19' not found.

See the LaTeX manual or LaTeX Companion for explanation.
Type  H <return>  for immediate help.
 ...                                              
                                                  
l.157 ...includegraphics[width=7cm]{./IMAGENES/19}
                                                   \\
I could not locate the file with any of these extensions:
.pdf,.png,.jpg,.mps,.jpeg,.jbig2,.jb2,.PDF,.PNG,.JPG,.JPEG,.JBIG2,.JB2,.eps
Try typing  <return>  to proceed.
If that doesn't work, type  X <return>  to quit.


Underfull \hbox (badness 10000) in paragraph at lines 157--158

 []


! LaTeX Error: There's no line here to end.

See the LaTeX manual or LaTeX Companion for explanation.
Type  H <return>  for immediate help.
 ...                                              
                                                  
l.163 			S
          e requiere saber cuâles son los artistas que mas han vendido en l...

Your command was ignored.
Type  I <command> <return>  to replace it with another command,
or  <return>  to continue without it.


Underfull \hbox (badness 10000) in paragraph at lines 163--164

 []


Underfull \hbox (badness 10000) in paragraph at lines 164--165

 []


Underfull \hbox (badness 10000) in paragraph at lines 165--166

 []


Underfull \hbox (badness 10000) in paragraph at lines 166--167

 []


Underfull \hbox (badness 10000) in paragraph at lines 167--168

 []

Runaway argument?
{
! Paragraph ended before \@sect was complete.
<to be read again> 
                   \par 
l.177 
      
I suspect you've forgotten a `}', causing me to apply this
control sequence to too much text. How can we recover?
My plan is to forget the whole thing and hope for the best.

! Too many }'s.
\@xdblarg #1#2->#1[{#2}
                       ]{#2}
l.177 
      
You've closed more groups than you opened.
Such booboos are generally harmless, so keep going.

[8 <./IMAGENES/18.jpg>]
Runaway argument?
{
! Paragraph ended before \@sect was complete.
<to be read again> 
                   \par 
l.184 
      
I suspect you've forgotten a `}', causing me to apply this
control sequence to too much text. How can we recover?
My plan is to forget the whole thing and hope for the best.

! Too many }'s.
\@xdblarg #1#2->#1[{#2}
                       ]{#2}
l.184 
      
You've closed more groups than you opened.
Such booboos are generally harmless, so keep going.

[9] (index.aux
LaTeX Info: Redefining \. on input line 8.
LaTeX Info: Redefining \% on input line 8.
) ) 
Here is how much of TeX's memory you used:
 4663 strings out of 480790
 68010 string characters out of 2913140
 320729 words of memory out of 3000000
 20611 multiletter control sequences out of 15000+200000
 538575 words of font info for 47 fonts, out of 3000000 for 9000
 1141 hyphenation exceptions out of 8191
 38i,5n,36p,776b,361s stack positions out of 5000i,500n,10000p,200000b,50000s
 <C:\Users\Risther\AppData\Local\MiKTeX\fonts/pk/ljfour/jknappen/ec/dpi600\t
crm2488.pk><D:/MikText/fonts/type1/public/amsfonts/cm/cmbx12.pfb><D:/MikText/fo
nts/type1/public/amsfonts/cm/cmmi12.pfb><D:/MikText/fonts/type1/public/amsfonts
/cm/cmr12.pfb><D:/MikText/fonts/type1/public/amsfonts/cm/cmr17.pfb><D:/MikText/
fonts/type1/public/amsfonts/cm/cmti10.pfb>
Output written on index.pdf (9 pages, 446881 bytes).
PDF statistics:
 71 PDF objects out of 1000 (max. 8388607)
 0 named destinations out of 1000 (max. 500000)
 71 words of extra memory for PDF output out of 10000 (max. 10000000)

